[0.008s] Invoking command in '/home/arnav/Documents/code/robo/dev_ws_1/build/my_package': CMAKE_PREFIX_PATH=/opt/ros/humble /usr/bin/cmake /home/arnav/Documents/code/robo/dev_ws_1/src/my_package -DAMENT_CMAKE_SYMLINK_INSTALL=1 -DCMAKE_INSTALL_PREFIX=/home/arnav/Documents/code/robo/dev_ws_1/install/my_package
[0.168s] -- The C compiler identification is GNU 11.4.0
[0.305s] -- The CXX compiler identification is GNU 11.4.0
[0.314s] -- Detecting C compiler ABI info
[0.381s] -- Detecting C compiler ABI info - done
[0.389s] -- Check for working C compiler: /usr/bin/cc - skipped
[0.389s] -- Detecting C compile features
[0.390s] -- Detecting C compile features - done
[0.393s] -- Detecting CXX compiler ABI info
[0.471s] -- Detecting CXX compiler ABI info - done
[0.479s] -- Check for working CXX compiler: /usr/bin/c++ - skipped
[0.479s] -- Detecting CXX compile features
[0.480s] -- Detecting CXX compile features - done
[0.487s] -- Found ament_cmake: 1.3.8 (/opt/ros/humble/share/ament_cmake/cmake)
[0.662s] -- Found Python3: /usr/bin/python3 (found version "3.10.12") found components: Interpreter 
[0.723s] -- Override CMake install command with custom implementation using symlinks instead of copying resources
[0.750s] -- Found ament_lint_auto: 0.12.10 (/opt/ros/humble/share/ament_lint_auto/cmake)
[0.826s] -- Added test 'flake8' to check Python code syntax and style conventions
[0.827s] -- Added test 'lint_cmake' to check CMake code style
[0.828s] -- Added test 'pep257' to check Python code against some of the docstring style conventions in PEP 257
[0.829s] -- Added test 'xmllint' to check XML markup files
[0.831s] -- Configuring done
[0.834s] -- Generating done
[0.835s] -- Build files have been written to: /home/arnav/Documents/code/robo/dev_ws_1/build/my_package
[0.841s] Invoked command in '/home/arnav/Documents/code/robo/dev_ws_1/build/my_package' returned '0': CMAKE_PREFIX_PATH=/opt/ros/humble /usr/bin/cmake /home/arnav/Documents/code/robo/dev_ws_1/src/my_package -DAMENT_CMAKE_SYMLINK_INSTALL=1 -DCMAKE_INSTALL_PREFIX=/home/arnav/Documents/code/robo/dev_ws_1/install/my_package
[0.843s] Invoking command in '/home/arnav/Documents/code/robo/dev_ws_1/build/my_package': CMAKE_PREFIX_PATH=/opt/ros/humble /usr/bin/cmake --build /home/arnav/Documents/code/robo/dev_ws_1/build/my_package -- -j8 -l8
[0.881s] Invoked command in '/home/arnav/Documents/code/robo/dev_ws_1/build/my_package' returned '0': CMAKE_PREFIX_PATH=/opt/ros/humble /usr/bin/cmake --build /home/arnav/Documents/code/robo/dev_ws_1/build/my_package -- -j8 -l8
[0.911s] Invoking command in '/home/arnav/Documents/code/robo/dev_ws_1/build/my_package': CMAKE_PREFIX_PATH=/opt/ros/humble /usr/bin/cmake --install /home/arnav/Documents/code/robo/dev_ws_1/build/my_package
[0.919s] -- Install configuration: ""
[0.920s] -- Execute custom install script
[0.920s] -- Symlinking: /home/arnav/Documents/code/robo/dev_ws_1/install/my_package/share/my_package/launch/listener.launch.py
[0.930s] -- Symlinking: /home/arnav/Documents/code/robo/dev_ws_1/install/my_package/share/my_package/launch/talker.launch.py
[0.941s] -- Symlinking: /home/arnav/Documents/code/robo/dev_ws_1/install/my_package/share/ament_index/resource_index/package_run_dependencies/my_package
[0.950s] -- Symlinking: /home/arnav/Documents/code/robo/dev_ws_1/install/my_package/share/ament_index/resource_index/parent_prefix_path/my_package
[0.959s] -- Symlinking: /home/arnav/Documents/code/robo/dev_ws_1/install/my_package/share/my_package/environment/ament_prefix_path.sh
[0.968s] -- Symlinking: /home/arnav/Documents/code/robo/dev_ws_1/install/my_package/share/my_package/environment/ament_prefix_path.dsv
[0.977s] -- Symlinking: /home/arnav/Documents/code/robo/dev_ws_1/install/my_package/share/my_package/environment/path.sh
[0.985s] -- Symlinking: /home/arnav/Documents/code/robo/dev_ws_1/install/my_package/share/my_package/environment/path.dsv
[0.992s] -- Symlinking: /home/arnav/Documents/code/robo/dev_ws_1/install/my_package/share/my_package/local_setup.bash
[1.000s] -- Symlinking: /home/arnav/Documents/code/robo/dev_ws_1/install/my_package/share/my_package/local_setup.sh
[1.008s] -- Symlinking: /home/arnav/Documents/code/robo/dev_ws_1/install/my_package/share/my_package/local_setup.zsh
[1.016s] -- Symlinking: /home/arnav/Documents/code/robo/dev_ws_1/install/my_package/share/my_package/local_setup.dsv
[1.024s] -- Symlinking: /home/arnav/Documents/code/robo/dev_ws_1/install/my_package/share/my_package/package.dsv
[1.033s] -- Symlinking: /home/arnav/Documents/code/robo/dev_ws_1/install/my_package/share/ament_index/resource_index/packages/my_package
[1.041s] -- Symlinking: /home/arnav/Documents/code/robo/dev_ws_1/install/my_package/share/my_package/cmake/my_packageConfig.cmake
[1.049s] -- Symlinking: /home/arnav/Documents/code/robo/dev_ws_1/install/my_package/share/my_package/cmake/my_packageConfig-version.cmake
[1.057s] -- Symlinking: /home/arnav/Documents/code/robo/dev_ws_1/install/my_package/share/my_package/package.xml
[1.067s] Invoked command in '/home/arnav/Documents/code/robo/dev_ws_1/build/my_package' returned '0': CMAKE_PREFIX_PATH=/opt/ros/humble /usr/bin/cmake --install /home/arnav/Documents/code/robo/dev_ws_1/build/my_package
